
Strategy: full_analyze
Database: imdb
Timeout: 30s
======================================================================
  Skipping 33c (in skip list)
Loaded 111 queries

Current table statistics:
======================================================================
[1/111] Running 10a... ✓ 5754ms | ops=15 q-error=5.93
[2/111] Running 10b... ✓ 2965ms | ops=16 q-error=8.78
[3/111] Running 10c... ✓ 800ms | ops=17 q-error=196.08
[4/111] Running 11a... ✓ 923ms | ops=17 q-error=98.29
[5/111] Running 11b... ✓ 398ms | ops=18 q-error=165.53
[6/111] Running 11c... ✓ 353ms | ops=17 q-error=17.04
[7/111] Running 11d... ✓ 280ms | ops=17 q-error=17.04
[8/111] Running 12a... ✓ 401ms | ops=18 q-error=9.54
[9/111] Running 12b... ✓ 1075ms | ops=20 q-error=274.77
[10/111] Running 12c... ✓ 1553ms | ops=19 q-error=11.87
[11/111] Running 13a... ✓ 725ms | ops=23 q-error=165.74
[12/111] Running 13b... ✓ 702ms | ops=22 q-error=142.83
[13/111] Running 13c... ✓ 697ms | ops=22 q-error=142.83
[14/111] Running 13d... ✓ 717ms | ops=23 q-error=206.92
[15/111] Running 14a... ✓ 296ms | ops=17 q-error=31.19
[16/111] Running 14b... ✓ 254ms | ops=17 q-error=28.75
[17/111] Running 14c... ✓ 268ms | ops=17 q-error=31.19
[18/111] Running 15a... ✓ 619ms | ops=18 q-error=37.48
[19/111] Running 15b... ✓ 627ms | ops=18 q-error=36.93
[20/111] Running 15c... ✓ 704ms | ops=19 q-error=39.44
[21/111] Running 15d... ✓ 628ms | ops=19 q-error=44.26
[22/111] Running 16a... ✓ 293ms | ops=19 q-error=66.30
[23/111] Running 16b... ✓ 5861ms | ops=19 q-error=45.50
[24/111] Running 16c... ✓ 6419ms | ops=19 q-error=5.84
[25/111] Running 16d... ✓ 5436ms | ops=19 q-error=6.23
[26/111] Running 17a... ✓ 8636ms | ops=16 q-error=52.14
[27/111] Running 17b... ✓ 8582ms | ops=16 q-error=50.16
[28/111] Running 17c... ✓ 8478ms | ops=16 q-error=27.98
[29/111] Running 17d... ✓ 8862ms | ops=16 q-error=55.35
[30/111] Running 17e... ✓ 8397ms | ops=16 q-error=51.89
[31/111] Running 17f... ✓ 8964ms | ops=16 q-error=45.82
[32/111] Running 18a... ✓ 1065ms | ops=17 q-error=121.89
[33/111] Running 18b... ✓ 2192ms | ops=13 q-error=34.70
[34/111] Running 18c... ✓ 7988ms | ops=16 q-error=24.30
[35/111] Running 19a... ✓ 3440ms | ops=20 q-error=39.09
[36/111] Running 19b... ✓ 1126ms | ops=19 q-error=49.98
[37/111] Running 19c... ✓ 4267ms | ops=21 q-error=31.78
[38/111] Running 19d... ✓ 995ms | ops=23 q-error=84.00
[39/111] Running 1a... ✓ 376ms | ops=12 q-error=6.31
[40/111] Running 1b... ✓ 271ms | ops=12 q-error=23.78
[41/111] Running 1c... ✓ 331ms | ops=12 q-error=7.07
[42/111] Running 1d... ✓ 261ms | ops=12 q-error=23.78
[43/111] Running 20a... ✓ 2246ms | ops=23 q-error=54.35
[44/111] Running 20b... ✓ 344ms | ops=23 q-error=54.35
[45/111] Running 20c... ✓ 290ms | ops=23 q-error=53.35
[46/111] Running 21a... ✓ 2160ms | ops=19 q-error=111.24
[47/111] Running 21b... ✓ 363ms | ops=21 q-error=57.42
[48/111] Running 21c... ✓ 350ms | ops=19 q-error=122.29
[49/111] Running 22a... ✓ 277ms | ops=23 q-error=24.51
[50/111] Running 22b... ✓ 272ms | ops=23 q-error=24.51
[51/111] Running 22c... ✓ 273ms | ops=23 q-error=24.83
[52/111] Running 22d... ✓ 274ms | ops=24 q-error=55.71
[53/111] Running 23a... ✓ 687ms | ops=24 q-error=76.11
[54/111] Running 23b... ✓ 618ms | ops=24 q-error=91.64
[55/111] Running 23c... ✓ 669ms | ops=24 q-error=76.11
[56/111] Running 24a... ✓ 257ms | ops=28 q-error=76.07
[57/111] Running 24b... ✓ 811ms | ops=26 q-error=65.49
[58/111] Running 25a... ✗ ERROR:  canceling statement due to statement timeout

[59/111] Running 25b... ✓ 1810ms | ops=19 q-error=38.19
[60/111] Running 25c... ✗ ERROR:  canceling statement due to statement timeout

[61/111] Running 26a... ✓ 833ms | ops=28 q-error=54.62
[62/111] Running 26b... ✓ 389ms | ops=28 q-error=39.19
[63/111] Running 26c... ✓ 8791ms | ops=29 q-error=16.25
[64/111] Running 27a... ✓ 1402ms | ops=27 q-error=14.70
[65/111] Running 27b... ✓ 1720ms | ops=27 q-error=25.80
[66/111] Running 27c... ✓ 1756ms | ops=29 q-error=7.24
[67/111] Running 28a... ✓ 1270ms | ops=33 q-error=36.67
[68/111] Running 28b... ✓ 812ms | ops=32 q-error=11.73
[69/111] Running 28c... ✓ 1362ms | ops=34 q-error=40.33
[70/111] Running 29a... ✓ 3052ms | ops=40 q-error=474.00
[71/111] Running 29b... ✓ 484ms | ops=40 q-error=473.94
[72/111] Running 29c... ✓ 4004ms | ops=39 q-error=19.27
[73/111] Running 2a... ✓ 2828ms | ops=11 q-error=43.31
[74/111] Running 2b... ✓ 487ms | ops=11 q-error=42.52
[75/111] Running 2c... ✓ 484ms | ops=11 q-error=28.29
[76/111] Running 2d... ✓ 494ms | ops=11 q-error=46.29
[77/111] Running 30a... ✓ 378ms | ops=28 q-error=99.86
[78/111] Running 30b... ✓ 132ms | ops=27 q-error=124.82
[79/111] Running 30c... ✗ ERROR:  canceling statement due to statement timeout

[80/111] Running 31a... ✓ 6603ms | ops=29 q-error=24.54
[81/111] Running 31b... ✗ ERROR:  canceling statement due to statement timeout

[82/111] Running 31c... ✓ 14296ms | ops=29 q-error=24.32
[83/111] Running 32a... ✓ 230ms | ops=14 q-error=6.55
[84/111] Running 32b... ✓ 655ms | ops=14 q-error=21.05
[85/111] Running 33a... ✓ 427ms | ops=33 q-error=8.36
[86/111] Running 33b... ✓ 3463ms | ops=39 q-error=3.83
[87/111] Running 3a... ✓ 1484ms | ops=9 q-error=11.56
[88/111] Running 3b... ✓ 719ms | ops=9 q-error=104.99
[89/111] Running 3c... ✓ 334ms | ops=9 q-error=7.46
[90/111] Running 4a... ✓ 425ms | ops=12 q-error=9.03
[91/111] Running 4b... ✓ 375ms | ops=11 q-error=12.94
[92/111] Running 4c... ✓ 463ms | ops=12 q-error=8.56
[93/111] Running 5a... ✓ 181ms | ops=10 q-error=33.09
[94/111] Running 5b... ✓ 165ms | ops=9 q-error=46.58
[95/111] Running 5c... ✓ 992ms | ops=12 q-error=16.22
[96/111] Running 6a... ✓ 233ms | ops=11 q-error=20.96
[97/111] Running 6b... ✓ 808ms | ops=11 q-error=29.12
[98/111] Running 6c... ✓ 230ms | ops=11 q-error=20.96
[99/111] Running 6d... ✓ 334ms | ops=11 q-error=29.12
[100/111] Running 6e... ✓ 276ms | ops=11 q-error=20.96
[101/111] Running 6f... ✓ 543ms | ops=11 q-error=36.21
[102/111] Running 7a... ✗ ERROR:  canceling statement due to statement timeout

[103/111] Running 7c... ✓ 8394ms | ops=19 q-error=11.93
[104/111] Running 8a... ✓ 2481ms | ops=15 q-error=24.80
[105/111] Running 8b... ✓ 1771ms | ops=16 q-error=16.65
[106/111] Running 8c... ✓ 2594ms | ops=18 q-error=8029.90
[107/111] Running 8d... ✓ 2575ms | ops=18 q-error=8029.90
[108/111] Running 9a... ✓ 3592ms | ops=16 q-error=10.50
[109/111] Running 9b... ✓ 1909ms | ops=16 q-error=10.96
[110/111] Running 9c... ✓ 3387ms | ops=17 q-error=2.58
[111/111] Running 9d... ✓ 9982ms | ops=17 q-error=2.56

✓ Results saved to results/job_full/full_analyze_results.json

======================================================================
Execution Summary:
  Success: 106/111
  Error:   5/111
  Total time: 225.3s
  Avg time: 2125ms

Q-error Summary (106 queries with q-error data):
  Per-query geometric mean:
    Average: 205.73
    Median:  34.70
  Overall geometric mean: 35.22
  Max q-error observed:   18638771.00
  Total operators analyzed: 2058
======================================================================

Paper Table 7 Format:
  106/111 queries succeeded
  Total time: 225.3s
  Mean Q-Error: 35.22
